<?xml version="1.0" encoding="UTF-8"?>
<!-- Generated by org.testng.reporters.JUnitReportReporter -->
<testsuite hostname="DESKTOP-BEK9VA8" failures="0" tests="1" name="tests.SerializationPojoToJson" time="0.411" errors="0" timestamp="2024-02-13T23:47:44 IST" skipped="0">
  <testcase classname="tests.SerializationPojoToJson" name="testSerialization" time="0.411"/>
</testsuite> <!-- tests.SerializationPojoToJson -->
