<?xml version="1.0" encoding="UTF-8"?>
<!-- Generated by org.testng.reporters.JUnitReportReporter -->
<testsuite hostname="DESKTOP-BEK9VA8" failures="0" tests="1" name="tests.PathAndQueryParam" time="3.289" errors="0" timestamp="2024-02-21T10:36:18 IST" skipped="0">
  <testcase classname="tests.PathAndQueryParam" name="testQueryAndPathParam" time="3.289"/>
</testsuite> <!-- tests.PathAndQueryParam -->
