<?xml version="1.0" encoding="UTF-8"?>
<!-- Generated by org.testng.reporters.JUnitReportReporter -->
<testsuite hostname="DESKTOP-BEK9VA8" failures="0" tests="1" name="authentication.DigestAuth" time="4.678" errors="0" timestamp="2024-02-12T15:27:58 IST" skipped="0">
  <testcase classname="authentication.DigestAuth" name="testDigestAuth" time="4.678"/>
</testsuite> <!-- authentication.DigestAuth -->
