<?xml version="1.0" encoding="UTF-8"?>
<!-- Generated by org.testng.reporters.JUnitReportReporter -->
<testsuite hostname="DESKTOP-BEK9VA8" failures="0" tests="1" name="tests.ValidateResponseTime" time="2.341" errors="0" timestamp="2024-02-21T15:45:40 IST" skipped="0">
  <testcase classname="tests.ValidateResponseTime" name="testResponseTime" time="2.341"/>
</testsuite> <!-- tests.ValidateResponseTime -->
