<?xml version="1.0" encoding="UTF-8"?>
<!-- Generated by org.testng.reporters.JUnitReportReporter -->
<testsuite hostname="DESKTOP-BEK9VA8" failures="0" tests="1" name="tests.JSONSchemaValidation" time="3.780" errors="0" timestamp="2024-02-12T14:43:53 IST" skipped="0">
  <testcase classname="tests.JSONSchemaValidation" name="testJSONSchemaValidation" time="3.780"/>
</testsuite> <!-- tests.JSONSchemaValidation -->
