<?xml version="1.0" encoding="UTF-8"?>
<!-- Generated by org.testng.reporters.JUnitReportReporter -->
<testsuite hostname="DESKTOP-BEK9VA8" failures="0" tests="1" name="tests.XMLResParsing" time="3.158" errors="0" timestamp="2024-02-12T15:13:55 IST" skipped="0">
  <testcase classname="tests.XMLResParsing" name="testXMLResponseBody" time="3.158"/>
</testsuite> <!-- tests.XMLResParsing -->
