<?xml version="1.0" encoding="UTF-8"?>
<!-- Generated by org.testng.reporters.JUnitReportReporter -->
<testsuite hostname="DESKTOP-BEK9VA8" failures="0" tests="1" name="tests.DeSerializationJsonToPojo" time="0.445" errors="0" timestamp="2024-02-13T23:46:44 IST" skipped="0">
  <testcase classname="tests.DeSerializationJsonToPojo" name="testDeserializatiojn" time="0.445"/>
</testsuite> <!-- tests.DeSerializationJsonToPojo -->
