<?xml version="1.0" encoding="UTF-8"?>
<!-- Generated by org.testng.reporters.JUnitReportReporter -->
<testsuite hostname="DESKTOP-BEK9VA8" failures="0" tests="2" name="tests.CreatePostRequestBody" time="3.385" errors="0" timestamp="2024-02-12T13:11:20 IST" skipped="0">
  <testcase classname="tests.CreatePostRequestBody" name="testPostUsingExternalJson" time="3.326"/>
  <testcase classname="tests.CreatePostRequestBody" name="testDelete" time="0.059"/>
</testsuite> <!-- tests.CreatePostRequestBody -->
