<?xml version="1.0" encoding="UTF-8"?>
<!-- Generated by org.testng.reporters.JUnitReportReporter -->
<testsuite hostname="DESKTOP-BEK9VA8" failures="0" tests="1" name="authentication.Outh2Authentication" time="6.967" errors="0" timestamp="2024-02-13T10:59:54 IST" skipped="0">
  <testcase classname="authentication.Outh2Authentication" name="testOuth2Authentication" time="6.967"/>
</testsuite> <!-- authentication.Outh2Authentication -->
