<?xml version="1.0" encoding="UTF-8"?>
<!-- Generated by org.testng.reporters.JUnitReportReporter -->
<testsuite hostname="DESKTOP-BEK9VA8" failures="0" tests="2" name="tests.SerializationDeserilization" time="0.436" errors="0" timestamp="2024-02-12T14:41:52 IST" skipped="0">
  <testcase classname="tests.SerializationDeserilization" name="convertPojoToJSon" time="0.041"/>
  <testcase classname="tests.SerializationDeserilization" name="convertJsonToPojo" time="0.395"/>
</testsuite> <!-- tests.SerializationDeserilization -->
