<?xml version="1.0" encoding="UTF-8"?>
<!-- Generated by org.testng.reporters.JUnitReportReporter -->
<testsuite hostname="DESKTOP-BEK9VA8" failures="0" tests="1" name="tests.FakerDataGenerator" time="0.703" errors="0" timestamp="2024-02-12T13:15:52 IST" skipped="0">
  <testcase classname="tests.FakerDataGenerator" name="testFakerData" time="0.703"/>
</testsuite> <!-- tests.FakerDataGenerator -->
