<?xml version="1.0" encoding="UTF-8"?>
<!-- Generated by org.testng.reporters.JUnitReportReporter -->
<testsuite hostname="DESKTOP-BEK9VA8" failures="0" tests="1" name="authentication.PreemptiveAuth" time="4.796" errors="0" timestamp="2024-02-21T12:51:06 IST" skipped="0">
  <testcase classname="authentication.PreemptiveAuth" name="testPreemptiveAuth" time="4.796"/>
</testsuite> <!-- authentication.PreemptiveAuth -->
