<?xml version="1.0" encoding="UTF-8"?>
<!-- Generated by org.testng.reporters.JUnitReportReporter -->
<testsuite hostname="DESKTOP-BEK9VA8" failures="0" tests="1" name="authentication.BasicAuthentication" time="7.203" errors="0" timestamp="2024-02-21T12:47:31 IST" skipped="0">
  <testcase classname="authentication.BasicAuthentication" name="testBasicAuth" time="7.203"/>
</testsuite> <!-- authentication.BasicAuthentication -->
