<?xml version="1.0" encoding="UTF-8"?>
<!-- Generated by org.testng.reporters.JUnitReportReporter -->
<testsuite hostname="DESKTOP-BEK9VA8" failures="0" tests="1" name="authentication.BearerTokenAuth" time="2.652" errors="0" timestamp="2024-02-12T15:25:12 IST" skipped="0">
  <testcase classname="authentication.BearerTokenAuth" name="testBearerToken" time="2.652"/>
</testsuite> <!-- authentication.BearerTokenAuth -->
