<?xml version="1.0" encoding="UTF-8"?>
<!-- Generated by org.testng.reporters.JUnitReportReporter -->
<testsuite hostname="DESKTOP-BEK9VA8" failures="0" tests="1" name="tests.ParsingJsonResData" time="3.234" errors="0" timestamp="2024-02-12T15:10:09 IST" skipped="0">
  <testcase classname="tests.ParsingJsonResData" name="testJsonResponse2" time="3.234"/>
</testsuite> <!-- tests.ParsingJsonResData -->
