<?xml version="1.0" encoding="UTF-8"?>
<!-- Generated by org.testng.reporters.JUnitReportReporter -->
<testsuite hostname="DESKTOP-BEK9VA8" failures="0" tests="1" name="tests.Logging" time="3.209" errors="0" timestamp="2024-02-12T14:11:21 IST" skipped="0">
  <testcase classname="tests.Logging" name="testLog" time="3.209"/>
</testsuite> <!-- tests.Logging -->
