<?xml version="1.0" encoding="UTF-8"?>
<!-- Generated by org.testng.reporters.JUnitReportReporter -->
<testsuite hostname="DESKTOP-BEK9VA8" failures="0" tests="1" name="tests.Cookies" time="2.734" errors="0" timestamp="2024-02-21T13:09:30 IST" skipped="0">
  <testcase classname="tests.Cookies" name="getCookieInfo" time="2.734"/>
</testsuite> <!-- tests.Cookies -->
