<?xml version="1.0" encoding="UTF-8"?>
<!-- Generated by org.testng.reporters.JUnitReportReporter -->
<testsuite hostname="DESKTOP-BEK9VA8" failures="0" tests="4" name="tests.HttpRequest" time="6.716" errors="0" timestamp="2024-02-12T14:06:26 IST" skipped="0">
  <testcase classname="tests.HttpRequest" name="getUsers" time="0.627"/>
  <testcase classname="tests.HttpRequest" name="createUser" time="4.794"/>
  <testcase classname="tests.HttpRequest" name="updateUser" time="0.631"/>
  <testcase classname="tests.HttpRequest" name="deleteUser" time="0.664"/>
</testsuite> <!-- tests.HttpRequest -->
